# JRE version: OpenJDK Runtime Environment Temurin-17.0.13+11 (17.0.13+11) (build 17.0.13+11)
# Java VM: OpenJDK 64-Bit Server VM Temurin-17.0.13+11 (17.0.13+11, mixed mode, tiered, compressed oops, compressed class ptrs, parallel gc, windows-amd64)
GC Precious Log:
 CPUs: 16 total, 16 available
 Memory: 28356M
 Large Page Support: Disabled
 NUMA Support: Disabled
 Compressed Oops: Enabled (32-bit)
 Alignments: Space 512K, Generation 512K, Heap 2M
 Heap Min Capacity: 100M
 Heap Initial Capacity: 100M
 Heap Max Capacity: 1G
 Pre-touch: Disabled
 Parallel Workers: 13
Heap:
 PSYoungGen      total 21504K, used 9000K [0x00000000eab00000, 0x00000000ec280000, 0x0000000100000000)
  eden space 18944K, 36% used [0x00000000eab00000,0x00000000eb1c22d8,0x00000000ebd80000)
  from space 2560K, 81% used [0x00000000ebd80000,0x00000000ebf88000,0x00000000ec000000)
  to   space 2560K, 0% used [0x00000000ec000000,0x00000000ec000000,0x00000000ec280000)
 ParOldGen       total 68608K, used 33898K [0x00000000c0000000, 0x00000000c4300000, 0x00000000eab00000)
  object space 68608K, 49% used [0x00000000c0000000,0x00000000c211a998,0x00000000c4300000)
 Metaspace       used 52083K, committed 53184K, reserved 1114112K
  class space    used 5460K, committed 5952K, reserved 1048576K
GC Heap History (20 events):
Event: 10.563 GC heap before
{Heap before GC invocations=12 (full 1):
 PSYoungGen      total 24576K, used 6786K [0x00000000eab00000, 0x00000000ec780000, 0x0000000100000000)
  eden space 22016K, 19% used [0x00000000eab00000,0x00000000eaf40b00,0x00000000ec080000)
  from space 2560K, 94% used [0x00000000ec500000,0x00000000ec75fec0,0x00000000ec780000)
  to   space 3072K, 0% used [0x00000000ec180000,0x00000000ec180000,0x00000000ec480000)
 ParOldGen       total 68608K, used 16653K [0x00000000c0000000, 0x00000000c4300000, 0x00000000eab00000)
  object space 68608K, 24% used [0x00000000c0000000,0x00000000c1043470,0x00000000c4300000)
 Metaspace       used 35036K, committed 35840K, reserved 1114112K
  class space    used 3421K, committed 3776K, reserved 1048576K
}
Event: 10.564 GC heap after
{Heap after GC invocations=12 (full 1):
 PSYoungGen      total 22528K, used 352K [0x00000000eab00000, 0x00000000ec580000, 0x0000000100000000)
  eden space 22016K, 0% used [0x00000000eab00000,0x00000000eab00000,0x00000000ec080000)
  from space 512K, 68% used [0x00000000ec180000,0x00000000ec1d8000,0x00000000ec200000)
  to   space 1536K, 0% used [0x00000000ec400000,0x00000000ec400000,0x00000000ec580000)
 ParOldGen       total 68608K, used 18601K [0x00000000c0000000, 0x00000000c4300000, 0x00000000eab00000)
  object space 68608K, 27% used [0x00000000c0000000,0x00000000c122a758,0x00000000c4300000)
 Metaspace       used 35036K, committed 35840K, reserved 1114112K
  class space    used 3421K, committed 3776K, reserved 1048576K
}
Event: 10.564 GC heap before
{Heap before GC invocations=13 (full 2):
 PSYoungGen      total 22528K, used 352K [0x00000000eab00000, 0x00000000ec580000, 0x0000000100000000)
  eden space 22016K, 0% used [0x00000000eab00000,0x00000000eab00000,0x00000000ec080000)
  from space 512K, 68% used [0x00000000ec180000,0x00000000ec1d8000,0x00000000ec200000)
  to   space 1536K, 0% used [0x00000000ec400000,0x00000000ec400000,0x00000000ec580000)
 ParOldGen       total 68608K, used 18601K [0x00000000c0000000, 0x00000000c4300000, 0x00000000eab00000)
  object space 68608K, 27% used [0x00000000c0000000,0x00000000c122a758,0x00000000c4300000)
 Metaspace       used 35036K, committed 35840K, reserved 1114112K
  class space    used 3421K, committed 3776K, reserved 1048576K
}
Event: 10.582 GC heap after
{Heap after GC invocations=13 (full 2):
 PSYoungGen      total 22528K, used 0K [0x00000000eab00000, 0x00000000ec580000, 0x0000000100000000)
  eden space 22016K, 0% used [0x00000000eab00000,0x00000000eab00000,0x00000000ec080000)
  from space 512K, 0% used [0x00000000ec180000,0x00000000ec180000,0x00000000ec200000)
  to   space 1536K, 0% used [0x00000000ec400000,0x00000000ec400000,0x00000000ec580000)
 ParOldGen       total 68608K, used 16001K [0x00000000c0000000, 0x00000000c4300000, 0x00000000eab00000)
  object space 68608K, 23% used [0x00000000c0000000,0x00000000c0fa0770,0x00000000c4300000)
 Metaspace       used 35023K, committed 35840K, reserved 1114112K
  class space    used 3417K, committed 3776K, reserved 1048576K
}
Event: 10.802 GC heap before
{Heap before GC invocations=14 (full 2):
 PSYoungGen      total 22528K, used 22016K [0x00000000eab00000, 0x00000000ec580000, 0x0000000100000000)
  eden space 22016K, 100% used [0x00000000eab00000,0x00000000ec080000,0x00000000ec080000)
  from space 512K, 0% used [0x00000000ec180000,0x00000000ec180000,0x00000000ec200000)
  to   space 1536K, 0% used [0x00000000ec400000,0x00000000ec400000,0x00000000ec580000)
 ParOldGen       total 68608K, used 16001K [0x00000000c0000000, 0x00000000c4300000, 0x00000000eab00000)
  object space 68608K, 23% used [0x00000000c0000000,0x00000000c0fa0770,0x00000000c4300000)
 Metaspace       used 38061K, committed 39040K, reserved 1114112K
  class space    used 3748K, committed 4160K, reserved 1048576K
}
Event: 10.802 GC heap after
{Heap after GC invocations=14 (full 2):
 PSYoungGen      total 23552K, used 1519K [0x00000000eab00000, 0x00000000ec580000, 0x0000000100000000)
  eden space 22016K, 0% used [0x00000000eab00000,0x00000000eab00000,0x00000000ec080000)
  from space 1536K, 98% used [0x00000000ec400000,0x00000000ec57be88,0x00000000ec580000)
  to   space 2048K, 0% used [0x00000000ec180000,0x00000000ec180000,0x00000000ec380000)
 ParOldGen       total 68608K, used 16009K [0x00000000c0000000, 0x00000000c4300000, 0x00000000eab00000)
  object space 68608K, 23% used [0x00000000c0000000,0x00000000c0fa2770,0x00000000c4300000)
 Metaspace       used 38061K, committed 39040K, reserved 1114112K
  class space    used 3748K, committed 4160K, reserved 1048576K
}
Event: 10.981 GC heap before
{Heap before GC invocations=15 (full 2):
 PSYoungGen      total 23552K, used 23535K [0x00000000eab00000, 0x00000000ec580000, 0x0000000100000000)
  eden space 22016K, 100% used [0x00000000eab00000,0x00000000ec080000,0x00000000ec080000)
  from space 1536K, 98% used [0x00000000ec400000,0x00000000ec57be88,0x00000000ec580000)
  to   space 2048K, 0% used [0x00000000ec180000,0x00000000ec180000,0x00000000ec380000)
 ParOldGen       total 68608K, used 16009K [0x00000000c0000000, 0x00000000c4300000, 0x00000000eab00000)
  object space 68608K, 23% used [0x00000000c0000000,0x00000000c0fa2770,0x00000000c4300000)
 Metaspace       used 40421K, committed 41408K, reserved 1114112K
  class space    used 4039K, committed 4480K, reserved 1048576K
}
Event: 10.982 GC heap after
{Heap after GC invocations=15 (full 2):
 PSYoungGen      total 23552K, used 1184K [0x00000000eab00000, 0x00000000ec480000, 0x0000000100000000)
  eden space 22016K, 0% used [0x00000000eab00000,0x00000000eab00000,0x00000000ec080000)
  from space 1536K, 77% used [0x00000000ec180000,0x00000000ec2a8000,0x00000000ec300000)
  to   space 1536K, 0% used [0x00000000ec300000,0x00000000ec300000,0x00000000ec480000)
 ParOldGen       total 68608K, used 17386K [0x00000000c0000000, 0x00000000c4300000, 0x00000000eab00000)
  object space 68608K, 25% used [0x00000000c0000000,0x00000000c10fa8c8,0x00000000c4300000)
 Metaspace       used 40421K, committed 41408K, reserved 1114112K
  class space    used 4039K, committed 4480K, reserved 1048576K
}
Event: 11.130 GC heap before
{Heap before GC invocations=16 (full 2):
 PSYoungGen      total 23552K, used 23200K [0x00000000eab00000, 0x00000000ec480000, 0x0000000100000000)
  eden space 22016K, 100% used [0x00000000eab00000,0x00000000ec080000,0x00000000ec080000)
  from space 1536K, 77% used [0x00000000ec180000,0x00000000ec2a8000,0x00000000ec300000)
  to   space 1536K, 0% used [0x00000000ec300000,0x00000000ec300000,0x00000000ec480000)
 ParOldGen       total 68608K, used 17386K [0x00000000c0000000, 0x00000000c4300000, 0x00000000eab00000)
  object space 68608K, 25% used [0x00000000c0000000,0x00000000c10fa8c8,0x00000000c4300000)
 Metaspace       used 42849K, committed 43904K, reserved 1114112K
  class space    used 4322K, committed 4800K, reserved 1048576K
}
Event: 11.131 GC heap after
{Heap after GC invocations=16 (full 2):
 PSYoungGen      total 23552K, used 1525K [0x00000000eab00000, 0x00000000ec480000, 0x0000000100000000)
  eden space 22016K, 0% used [0x00000000eab00000,0x00000000eab00000,0x00000000ec080000)
  from space 1536K, 99% used [0x00000000ec300000,0x00000000ec47d460,0x00000000ec480000)
  to   space 2048K, 0% used [0x00000000ec080000,0x00000000ec080000,0x00000000ec280000)
 ParOldGen       total 68608K, used 18436K [0x00000000c0000000, 0x00000000c4300000, 0x00000000eab00000)
  object space 68608K, 26% used [0x00000000c0000000,0x00000000c12013e0,0x00000000c4300000)
 Metaspace       used 42849K, committed 43904K, reserved 1114112K
  class space    used 4322K, committed 4800K, reserved 1048576K
}
Event: 11.236 GC heap before
{Heap before GC invocations=17 (full 2):
 PSYoungGen      total 23552K, used 23541K [0x00000000eab00000, 0x00000000ec480000, 0x0000000100000000)
  eden space 22016K, 100% used [0x00000000eab00000,0x00000000ec080000,0x00000000ec080000)
  from space 1536K, 99% used [0x00000000ec300000,0x00000000ec47d460,0x00000000ec480000)
  to   space 2048K, 0% used [0x00000000ec080000,0x00000000ec080000,0x00000000ec280000)
 ParOldGen       total 68608K, used 18436K [0x00000000c0000000, 0x00000000c4300000, 0x00000000eab00000)
  object space 68608K, 26% used [0x00000000c0000000,0x00000000c12013e0,0x00000000c4300000)
 Metaspace       used 45442K, committed 46400K, reserved 1114112K
  class space    used 4618K, committed 5056K, reserved 1048576K
}
Event: 11.237 GC heap after
{Heap after GC invocations=17 (full 2):
 PSYoungGen      total 24064K, used 1666K [0x00000000eab00000, 0x00000000ec480000, 0x0000000100000000)
  eden space 22016K, 0% used [0x00000000eab00000,0x00000000eab00000,0x00000000ec080000)
  from space 2048K, 81% used [0x00000000ec080000,0x00000000ec2209e8,0x00000000ec280000)
  to   space 2048K, 0% used [0x00000000ec280000,0x00000000ec280000,0x00000000ec480000)
 ParOldGen       total 68608K, used 21526K [0x00000000c0000000, 0x00000000c4300000, 0x00000000eab00000)
  object space 68608K, 31% used [0x00000000c0000000,0x00000000c1505890,0x00000000c4300000)
 Metaspace       used 45442K, committed 46400K, reserved 1114112K
  class space    used 4618K, committed 5056K, reserved 1048576K
}
Event: 11.329 GC heap before
{Heap before GC invocations=18 (full 2):
 PSYoungGen      total 24064K, used 23682K [0x00000000eab00000, 0x00000000ec480000, 0x0000000100000000)
  eden space 22016K, 100% used [0x00000000eab00000,0x00000000ec080000,0x00000000ec080000)
  from space 2048K, 81% used [0x00000000ec080000,0x00000000ec2209e8,0x00000000ec280000)
  to   space 2048K, 0% used [0x00000000ec280000,0x00000000ec280000,0x00000000ec480000)
 ParOldGen       total 68608K, used 21526K [0x00000000c0000000, 0x00000000c4300000, 0x00000000eab00000)
  object space 68608K, 31% used [0x00000000c0000000,0x00000000c1505890,0x00000000c4300000)
 Metaspace       used 47330K, committed 48448K, reserved 1114112K
  class space    used 4829K, committed 5312K, reserved 1048576K
}
Event: 11.332 GC heap after
{Heap after GC invocations=18 (full 2):
 PSYoungGen      total 20992K, used 2045K [0x00000000eab00000, 0x00000000eca80000, 0x0000000100000000)
  eden space 18944K, 0% used [0x00000000eab00000,0x00000000eab00000,0x00000000ebd80000)
  from space 2048K, 99% used [0x00000000ec280000,0x00000000ec47f520,0x00000000ec480000)
  to   space 5120K, 0% used [0x00000000ebd80000,0x00000000ebd80000,0x00000000ec280000)
 ParOldGen       total 68608K, used 23950K [0x00000000c0000000, 0x00000000c4300000, 0x00000000eab00000)
  object space 68608K, 34% used [0x00000000c0000000,0x00000000c1763a10,0x00000000c4300000)
 Metaspace       used 47330K, committed 48448K, reserved 1114112K
  class space    used 4829K, committed 5312K, reserved 1048576K
}
Event: 11.404 GC heap before
{Heap before GC invocations=19 (full 2):
 PSYoungGen      total 20992K, used 20989K [0x00000000eab00000, 0x00000000eca80000, 0x0000000100000000)
  eden space 18944K, 100% used [0x00000000eab00000,0x00000000ebd80000,0x00000000ebd80000)
  from space 2048K, 99% used [0x00000000ec280000,0x00000000ec47f520,0x00000000ec480000)
  to   space 5120K, 0% used [0x00000000ebd80000,0x00000000ebd80000,0x00000000ec280000)
 ParOldGen       total 68608K, used 23950K [0x00000000c0000000, 0x00000000c4300000, 0x00000000eab00000)
  object space 68608K, 34% used [0x00000000c0000000,0x00000000c1763a10,0x00000000c4300000)
 Metaspace       used 48868K, committed 49856K, reserved 1114112K
  class space    used 5027K, committed 5440K, reserved 1048576K
}
Event: 11.406 GC heap after
{Heap after GC invocations=19 (full 2):
 PSYoungGen      total 21504K, used 2060K [0x00000000eab00000, 0x00000000ec380000, 0x0000000100000000)
  eden space 18944K, 0% used [0x00000000eab00000,0x00000000eab00000,0x00000000ebd80000)
  from space 2560K, 80% used [0x00000000ebd80000,0x00000000ebf83008,0x00000000ec000000)
  to   space 3072K, 0% used [0x00000000ec080000,0x00000000ec080000,0x00000000ec380000)
 ParOldGen       total 68608K, used 26009K [0x00000000c0000000, 0x00000000c4300000, 0x00000000eab00000)
  object space 68608K, 37% used [0x00000000c0000000,0x00000000c19666e8,0x00000000c4300000)
 Metaspace       used 48868K, committed 49856K, reserved 1114112K
  class space    used 5027K, committed 5440K, reserved 1048576K
}
Event: 11.480 GC heap before
{Heap before GC invocations=20 (full 2):
 PSYoungGen      total 21504K, used 21004K [0x00000000eab00000, 0x00000000ec380000, 0x0000000100000000)
  eden space 18944K, 100% used [0x00000000eab00000,0x00000000ebd80000,0x00000000ebd80000)
  from space 2560K, 80% used [0x00000000ebd80000,0x00000000ebf83008,0x00000000ec000000)
  to   space 3072K, 0% used [0x00000000ec080000,0x00000000ec080000,0x00000000ec380000)
 ParOldGen       total 68608K, used 26009K [0x00000000c0000000, 0x00000000c4300000, 0x00000000eab00000)
  object space 68608K, 37% used [0x00000000c0000000,0x00000000c19666e8,0x00000000c4300000)
 Metaspace       used 50528K, committed 51648K, reserved 1114112K
  class space    used 5258K, committed 5760K, reserved 1048576K
}
Event: 11.483 GC heap after
{Heap after GC invocations=20 (full 2):
 PSYoungGen      total 21504K, used 2433K [0x00000000eab00000, 0x00000000ec300000, 0x0000000100000000)
  eden space 18944K, 0% used [0x00000000eab00000,0x00000000eab00000,0x00000000ebd80000)
  from space 2560K, 95% used [0x00000000ec080000,0x00000000ec2e04b0,0x00000000ec300000)
  to   space 2560K, 0% used [0x00000000ebd80000,0x00000000ebd80000,0x00000000ec000000)
 ParOldGen       total 68608K, used 27885K [0x00000000c0000000, 0x00000000c4300000, 0x00000000eab00000)
  object space 68608K, 40% used [0x00000000c0000000,0x00000000c1b3b6f0,0x00000000c4300000)
 Metaspace       used 50528K, committed 51648K, reserved 1114112K
  class space    used 5258K, committed 5760K, reserved 1048576K
}
Event: 11.558 GC heap before
{Heap before GC invocations=21 (full 2):
 PSYoungGen      total 21504K, used 21377K [0x00000000eab00000, 0x00000000ec300000, 0x0000000100000000)
  eden space 18944K, 100% used [0x00000000eab00000,0x00000000ebd80000,0x00000000ebd80000)
  from space 2560K, 95% used [0x00000000ec080000,0x00000000ec2e04b0,0x00000000ec300000)
  to   space 2560K, 0% used [0x00000000ebd80000,0x00000000ebd80000,0x00000000ec000000)
 ParOldGen       total 68608K, used 27885K [0x00000000c0000000, 0x00000000c4300000, 0x00000000eab00000)
  object space 68608K, 40% used [0x00000000c0000000,0x00000000c1b3b6f0,0x00000000c4300000)
 Metaspace       used 50961K, committed 52096K, reserved 1114112K
  class space    used 5320K, committed 5824K, reserved 1048576K
}
Event: 11.560 GC heap after
{Heap after GC invocations=21 (full 2):
 PSYoungGen      total 21504K, used 2357K [0x00000000eab00000, 0x00000000ec280000, 0x0000000100000000)
  eden space 18944K, 0% used [0x00000000eab00000,0x00000000eab00000,0x00000000ebd80000)
  from space 2560K, 92% used [0x00000000ebd80000,0x00000000ebfcd680,0x00000000ec000000)
  to   space 2560K, 0% used [0x00000000ec000000,0x00000000ec000000,0x00000000ec280000)
 ParOldGen       total 68608K, used 29953K [0x00000000c0000000, 0x00000000c4300000, 0x00000000eab00000)
  object space 68608K, 43% used [0x00000000c0000000,0x00000000c1d40678,0x00000000c4300000)
 Metaspace       used 50961K, committed 52096K, reserved 1114112K
  class space    used 5320K, committed 5824K, reserved 1048576K
}

