# JRE version: OpenJDK Runtime Environment Temurin-17.0.13+11 (17.0.13+11) (build 17.0.13+11)
# Java VM: OpenJDK 64-Bit Server VM Temurin-17.0.13+11 (17.0.13+11, mixed mode, tiered, compressed oops, compressed class ptrs, parallel gc, windows-amd64)
GC Precious Log:
 CPUs: 16 total, 16 available
 Memory: 28356M
 Large Page Support: Disabled
 NUMA Support: Disabled
 Compressed Oops: Enabled (32-bit)
 Alignments: Space 512K, Generation 512K, Heap 2M
 Heap Min Capacity: 100M
 Heap Initial Capacity: 100M
 Heap Max Capacity: 1G
 Pre-touch: Disabled
 Parallel Workers: 13
Heap:
 PSYoungGen      total 9216K, used 2107K [0x00000000eab00000, 0x00000000eb980000, 0x0000000100000000)
  eden space 7680K, 12% used [0x00000000eab00000,0x00000000eabf6fd0,0x00000000eb280000)
  from space 1536K, 72% used [0x00000000eb280000,0x00000000eb398000,0x00000000eb400000)
  to   space 3072K, 0% used [0x00000000eb680000,0x00000000eb680000,0x00000000eb980000)
 ParOldGen       total 86528K, used 49414K [0x00000000c0000000, 0x00000000c5480000, 0x00000000eab00000)
  object space 86528K, 57% used [0x00000000c0000000,0x00000000c3041a48,0x00000000c5480000)
 Metaspace       used 66483K, committed 67712K, reserved 1114112K
  class space    used 6773K, committed 7296K, reserved 1048576K
GC Heap History (20 events):
Event: 11.378 GC heap before
{Heap before GC invocations=156 (full 7):
 PSYoungGen      total 9728K, used 9527K [0x00000000eab00000, 0x00000000eb800000, 0x0000000100000000)
  eden space 6144K, 100% used [0x00000000eab00000,0x00000000eb100000,0x00000000eb100000)
  from space 3584K, 94% used [0x00000000eb180000,0x00000000eb4cdf30,0x00000000eb500000)
  to   space 3072K, 0% used [0x00000000eb500000,0x00000000eb500000,0x00000000eb800000)
 ParOldGen       total 182784K, used 170582K [0x00000000c0000000, 0x00000000cb280000, 0x00000000eab00000)
  object space 182784K, 93% used [0x00000000c0000000,0x00000000ca695a90,0x00000000cb280000)
 Metaspace       used 65922K, committed 67072K, reserved 1114112K
  class space    used 6739K, committed 7232K, reserved 1048576K
}
Event: 11.380 GC heap after
{Heap after GC invocations=156 (full 7):
 PSYoungGen      total 9216K, used 3062K [0x00000000eab00000, 0x00000000eb900000, 0x0000000100000000)
  eden space 6144K, 0% used [0x00000000eab00000,0x00000000eab00000,0x00000000eb100000)
  from space 3072K, 99% used [0x00000000eb500000,0x00000000eb7fd808,0x00000000eb800000)
  to   space 4096K, 0% used [0x00000000eb100000,0x00000000eb100000,0x00000000eb500000)
 ParOldGen       total 182784K, used 171214K [0x00000000c0000000, 0x00000000cb280000, 0x00000000eab00000)
  object space 182784K, 93% used [0x00000000c0000000,0x00000000ca733a90,0x00000000cb280000)
 Metaspace       used 65922K, committed 67072K, reserved 1114112K
  class space    used 6739K, committed 7232K, reserved 1048576K
}
Event: 11.395 GC heap before
{Heap before GC invocations=157 (full 7):
 PSYoungGen      total 9216K, used 9206K [0x00000000eab00000, 0x00000000eb900000, 0x0000000100000000)
  eden space 6144K, 100% used [0x00000000eab00000,0x00000000eb100000,0x00000000eb100000)
  from space 3072K, 99% used [0x00000000eb500000,0x00000000eb7fd808,0x00000000eb800000)
  to   space 4096K, 0% used [0x00000000eb100000,0x00000000eb100000,0x00000000eb500000)
 ParOldGen       total 182784K, used 171214K [0x00000000c0000000, 0x00000000cb280000, 0x00000000eab00000)
  object space 182784K, 93% used [0x00000000c0000000,0x00000000ca733a90,0x00000000cb280000)
 Metaspace       used 65933K, committed 67072K, reserved 1114112K
  class space    used 6740K, committed 7232K, reserved 1048576K
}
Event: 11.398 GC heap after
{Heap after GC invocations=157 (full 7):
 PSYoungGen      total 10240K, used 2744K [0x00000000eab00000, 0x00000000eb900000, 0x0000000100000000)
  eden space 6144K, 0% used [0x00000000eab00000,0x00000000eab00000,0x00000000eb100000)
  from space 4096K, 67% used [0x00000000eb100000,0x00000000eb3ae370,0x00000000eb500000)
  to   space 3584K, 0% used [0x00000000eb580000,0x00000000eb580000,0x00000000eb900000)
 ParOldGen       total 182784K, used 172022K [0x00000000c0000000, 0x00000000cb280000, 0x00000000eab00000)
  object space 182784K, 94% used [0x00000000c0000000,0x00000000ca7fda90,0x00000000cb280000)
 Metaspace       used 65933K, committed 67072K, reserved 1114112K
  class space    used 6740K, committed 7232K, reserved 1048576K
}
Event: 11.439 GC heap before
{Heap before GC invocations=158 (full 7):
 PSYoungGen      total 10240K, used 8888K [0x00000000eab00000, 0x00000000eb900000, 0x0000000100000000)
  eden space 6144K, 99% used [0x00000000eab00000,0x00000000eb0ffff0,0x00000000eb100000)
  from space 4096K, 67% used [0x00000000eb100000,0x00000000eb3ae370,0x00000000eb500000)
  to   space 3584K, 0% used [0x00000000eb580000,0x00000000eb580000,0x00000000eb900000)
 ParOldGen       total 182784K, used 172022K [0x00000000c0000000, 0x00000000cb280000, 0x00000000eab00000)
  object space 182784K, 94% used [0x00000000c0000000,0x00000000ca7fda90,0x00000000cb280000)
 Metaspace       used 66000K, committed 67136K, reserved 1114112K
  class space    used 6740K, committed 7232K, reserved 1048576K
}
Event: 11.443 GC heap after
{Heap after GC invocations=158 (full 7):
 PSYoungGen      total 10240K, used 3574K [0x00000000eab00000, 0x00000000eba00000, 0x0000000100000000)
  eden space 6656K, 0% used [0x00000000eab00000,0x00000000eab00000,0x00000000eb180000)
  from space 3584K, 99% used [0x00000000eb580000,0x00000000eb8fd808,0x00000000eb900000)
  to   space 4096K, 0% used [0x00000000eb180000,0x00000000eb180000,0x00000000eb580000)
 ParOldGen       total 182784K, used 172102K [0x00000000c0000000, 0x00000000cb280000, 0x00000000eab00000)
  object space 182784K, 94% used [0x00000000c0000000,0x00000000ca811a90,0x00000000cb280000)
 Metaspace       used 66000K, committed 67136K, reserved 1114112K
  class space    used 6740K, committed 7232K, reserved 1048576K
}
Event: 11.558 GC heap before
{Heap before GC invocations=159 (full 7):
 PSYoungGen      total 10240K, used 10229K [0x00000000eab00000, 0x00000000eba00000, 0x0000000100000000)
  eden space 6656K, 99% used [0x00000000eab00000,0x00000000eb17fff0,0x00000000eb180000)
  from space 3584K, 99% used [0x00000000eb580000,0x00000000eb8fd808,0x00000000eb900000)
  to   space 4096K, 0% used [0x00000000eb180000,0x00000000eb180000,0x00000000eb580000)
 ParOldGen       total 182784K, used 172102K [0x00000000c0000000, 0x00000000cb280000, 0x00000000eab00000)
  object space 182784K, 94% used [0x00000000c0000000,0x00000000ca811a90,0x00000000cb280000)
 Metaspace       used 66243K, committed 67520K, reserved 1114112K
  class space    used 6760K, committed 7296K, reserved 1048576K
}
Event: 11.562 GC heap after
{Heap after GC invocations=159 (full 7):
 PSYoungGen      total 10240K, used 3510K [0x00000000eab00000, 0x00000000eb880000, 0x0000000100000000)
  eden space 6656K, 0% used [0x00000000eab00000,0x00000000eab00000,0x00000000eb180000)
  from space 3584K, 97% used [0x00000000eb180000,0x00000000eb4ed808,0x00000000eb500000)
  to   space 3584K, 0% used [0x00000000eb500000,0x00000000eb500000,0x00000000eb880000)
 ParOldGen       total 182784K, used 172794K [0x00000000c0000000, 0x00000000cb280000, 0x00000000eab00000)
  object space 182784K, 94% used [0x00000000c0000000,0x00000000ca8beae0,0x00000000cb280000)
 Metaspace       used 66243K, committed 67520K, reserved 1114112K
  class space    used 6760K, committed 7296K, reserved 1048576K
}
Event: 11.676 GC heap before
{Heap before GC invocations=160 (full 7):
 PSYoungGen      total 10240K, used 10157K [0x00000000eab00000, 0x00000000eb880000, 0x0000000100000000)
  eden space 6656K, 99% used [0x00000000eab00000,0x00000000eb17dd08,0x00000000eb180000)
  from space 3584K, 97% used [0x00000000eb180000,0x00000000eb4ed808,0x00000000eb500000)
  to   space 3584K, 0% used [0x00000000eb500000,0x00000000eb500000,0x00000000eb880000)
 ParOldGen       total 182784K, used 172794K [0x00000000c0000000, 0x00000000cb280000, 0x00000000eab00000)
  object space 182784K, 94% used [0x00000000c0000000,0x00000000ca8beae0,0x00000000cb280000)
 Metaspace       used 66461K, committed 67712K, reserved 1114112K
  class space    used 6773K, committed 7296K, reserved 1048576K
}
Event: 11.678 GC heap after
{Heap after GC invocations=160 (full 7):
 PSYoungGen      total 9728K, used 3558K [0x00000000eab00000, 0x00000000eb980000, 0x0000000100000000)
  eden space 6144K, 0% used [0x00000000eab00000,0x00000000eab00000,0x00000000eb100000)
  from space 3584K, 99% used [0x00000000eb500000,0x00000000eb879818,0x00000000eb880000)
  to   space 4096K, 0% used [0x00000000eb100000,0x00000000eb100000,0x00000000eb500000)
 ParOldGen       total 182784K, used 173210K [0x00000000c0000000, 0x00000000cb280000, 0x00000000eab00000)
  object space 182784K, 94% used [0x00000000c0000000,0x00000000ca926b20,0x00000000cb280000)
 Metaspace       used 66461K, committed 67712K, reserved 1114112K
  class space    used 6773K, committed 7296K, reserved 1048576K
}
Event: 11.705 GC heap before
{Heap before GC invocations=161 (full 7):
 PSYoungGen      total 9728K, used 9702K [0x00000000eab00000, 0x00000000eb980000, 0x0000000100000000)
  eden space 6144K, 100% used [0x00000000eab00000,0x00000000eb100000,0x00000000eb100000)
  from space 3584K, 99% used [0x00000000eb500000,0x00000000eb879818,0x00000000eb880000)
  to   space 4096K, 0% used [0x00000000eb100000,0x00000000eb100000,0x00000000eb500000)
 ParOldGen       total 182784K, used 173210K [0x00000000c0000000, 0x00000000cb280000, 0x00000000eab00000)
  object space 182784K, 94% used [0x00000000c0000000,0x00000000ca926b20,0x00000000cb280000)
 Metaspace       used 66462K, committed 67712K, reserved 1114112K
  class space    used 6773K, committed 7296K, reserved 1048576K
}
Event: 11.709 GC heap after
{Heap after GC invocations=161 (full 7):
 PSYoungGen      total 10240K, used 3979K [0x00000000eab00000, 0x00000000eb900000, 0x0000000100000000)
  eden space 6144K, 0% used [0x00000000eab00000,0x00000000eab00000,0x00000000eb100000)
  from space 4096K, 97% used [0x00000000eb100000,0x00000000eb4e2c18,0x00000000eb500000)
  to   space 4096K, 0% used [0x00000000eb500000,0x00000000eb500000,0x00000000eb900000)
 ParOldGen       total 182784K, used 173943K [0x00000000c0000000, 0x00000000cb280000, 0x00000000eab00000)
  object space 182784K, 95% used [0x00000000c0000000,0x00000000ca9dde30,0x00000000cb280000)
 Metaspace       used 66462K, committed 67712K, reserved 1114112K
  class space    used 6773K, committed 7296K, reserved 1048576K
}
Event: 11.726 GC heap before
{Heap before GC invocations=162 (full 7):
 PSYoungGen      total 10240K, used 10123K [0x00000000eab00000, 0x00000000eb900000, 0x0000000100000000)
  eden space 6144K, 100% used [0x00000000eab00000,0x00000000eb100000,0x00000000eb100000)
  from space 4096K, 97% used [0x00000000eb100000,0x00000000eb4e2c18,0x00000000eb500000)
  to   space 4096K, 0% used [0x00000000eb500000,0x00000000eb500000,0x00000000eb900000)
 ParOldGen       total 182784K, used 173943K [0x00000000c0000000, 0x00000000cb280000, 0x00000000eab00000)
  object space 182784K, 95% used [0x00000000c0000000,0x00000000ca9dde30,0x00000000cb280000)
 Metaspace       used 66470K, committed 67712K, reserved 1114112K
  class space    used 6773K, committed 7296K, reserved 1048576K
}
Event: 11.729 GC heap after
{Heap after GC invocations=162 (full 7):
 PSYoungGen      total 9728K, used 4086K [0x00000000eab00000, 0x00000000ebb00000, 0x0000000100000000)
  eden space 5632K, 0% used [0x00000000eab00000,0x00000000eab00000,0x00000000eb080000)
  from space 4096K, 99% used [0x00000000eb500000,0x00000000eb8fd808,0x00000000eb900000)
  to   space 4608K, 0% used [0x00000000eb080000,0x00000000eb080000,0x00000000eb500000)
 ParOldGen       total 182784K, used 174255K [0x00000000c0000000, 0x00000000cb280000, 0x00000000eab00000)
  object space 182784K, 95% used [0x00000000c0000000,0x00000000caa2be30,0x00000000cb280000)
 Metaspace       used 66470K, committed 67712K, reserved 1114112K
  class space    used 6773K, committed 7296K, reserved 1048576K
}
Event: 11.740 GC heap before
{Heap before GC invocations=163 (full 7):
 PSYoungGen      total 9728K, used 9718K [0x00000000eab00000, 0x00000000ebb00000, 0x0000000100000000)
  eden space 5632K, 100% used [0x00000000eab00000,0x00000000eb080000,0x00000000eb080000)
  from space 4096K, 99% used [0x00000000eb500000,0x00000000eb8fd808,0x00000000eb900000)
  to   space 4608K, 0% used [0x00000000eb080000,0x00000000eb080000,0x00000000eb500000)
 ParOldGen       total 182784K, used 174255K [0x00000000c0000000, 0x00000000cb280000, 0x00000000eab00000)
  object space 182784K, 95% used [0x00000000c0000000,0x00000000caa2be30,0x00000000cb280000)
 Metaspace       used 66474K, committed 67712K, reserved 1114112K
  class space    used 6773K, committed 7296K, reserved 1048576K
}
Event: 11.745 GC heap after
{Heap after GC invocations=163 (full 7):
 PSYoungGen      total 10240K, used 4598K [0x00000000eab00000, 0x00000000ec080000, 0x0000000100000000)
  eden space 5632K, 0% used [0x00000000eab00000,0x00000000eab00000,0x00000000eb080000)
  from space 4608K, 99% used [0x00000000eb080000,0x00000000eb4fdbd8,0x00000000eb500000)
  to   space 7680K, 0% used [0x00000000eb900000,0x00000000eb900000,0x00000000ec080000)
 ParOldGen       total 182784K, used 176615K [0x00000000c0000000, 0x00000000cb280000, 0x00000000eab00000)
  object space 182784K, 96% used [0x00000000c0000000,0x00000000cac79d68,0x00000000cb280000)
 Metaspace       used 66474K, committed 67712K, reserved 1114112K
  class space    used 6773K, committed 7296K, reserved 1048576K
}
Event: 11.760 GC heap before
{Heap before GC invocations=164 (full 7):
 PSYoungGen      total 10240K, used 10230K [0x00000000eab00000, 0x00000000ec080000, 0x0000000100000000)
  eden space 5632K, 100% used [0x00000000eab00000,0x00000000eb080000,0x00000000eb080000)
  from space 4608K, 99% used [0x00000000eb080000,0x00000000eb4fdbd8,0x00000000eb500000)
  to   space 7680K, 0% used [0x00000000eb900000,0x00000000eb900000,0x00000000ec080000)
 ParOldGen       total 182784K, used 176615K [0x00000000c0000000, 0x00000000cb280000, 0x00000000eab00000)
  object space 182784K, 96% used [0x00000000c0000000,0x00000000cac79d68,0x00000000cb280000)
 Metaspace       used 66474K, committed 67712K, reserved 1114112K
  class space    used 6773K, committed 7296K, reserved 1048576K
}
Event: 11.762 GC heap after
{Heap after GC invocations=164 (full 7):
 PSYoungGen      total 12288K, used 5381K [0x00000000eab00000, 0x00000000ebe80000, 0x0000000100000000)
  eden space 6656K, 0% used [0x00000000eab00000,0x00000000eab00000,0x00000000eb180000)
  from space 5632K, 95% used [0x00000000eb900000,0x00000000ebe41798,0x00000000ebe80000)
  to   space 6144K, 0% used [0x00000000eb280000,0x00000000eb280000,0x00000000eb880000)
 ParOldGen       total 182784K, used 177195K [0x00000000c0000000, 0x00000000cb280000, 0x00000000eab00000)
  object space 182784K, 96% used [0x00000000c0000000,0x00000000cad0ac68,0x00000000cb280000)
 Metaspace       used 66474K, committed 67712K, reserved 1114112K
  class space    used 6773K, committed 7296K, reserved 1048576K
}
Event: 11.795 GC heap before
{Heap before GC invocations=165 (full 7):
 PSYoungGen      total 12288K, used 11912K [0x00000000eab00000, 0x00000000ebe80000, 0x0000000100000000)
  eden space 6656K, 98% used [0x00000000eab00000,0x00000000eb1609a0,0x00000000eb180000)
  from space 5632K, 95% used [0x00000000eb900000,0x00000000ebe41798,0x00000000ebe80000)
  to   space 6144K, 0% used [0x00000000eb280000,0x00000000eb280000,0x00000000eb880000)
 ParOldGen       total 182784K, used 177195K [0x00000000c0000000, 0x00000000cb280000, 0x00000000eab00000)
  object space 182784K, 96% used [0x00000000c0000000,0x00000000cad0ac68,0x00000000cb280000)
 Metaspace       used 66474K, committed 67712K, reserved 1114112K
  class space    used 6773K, committed 7296K, reserved 1048576K
}
Event: 11.801 GC heap after
{Heap after GC invocations=165 (full 7):
 PSYoungGen      total 13824K, used 5853K [0x00000000eab00000, 0x00000000ebe80000, 0x0000000100000000)
  eden space 7680K, 0% used [0x00000000eab00000,0x00000000eab00000,0x00000000eb280000)
  from space 6144K, 95% used [0x00000000eb280000,0x00000000eb837690,0x00000000eb880000)
  to   space 6144K, 0% used [0x00000000eb880000,0x00000000eb880000,0x00000000ebe80000)
 ParOldGen       total 182784K, used 178131K [0x00000000c0000000, 0x00000000cb280000, 0x00000000eab00000)
  object space 182784K, 97% used [0x00000000c0000000,0x00000000cadf4c88,0x00000000cb280000)
 Metaspace       used 66474K, committed 67712K, reserved 1114112K
  class space    used 6773K, committed 7296K, reserved 1048576K
}

