# JRE version: OpenJDK Runtime Environment Temurin-17.0.13+11 (17.0.13+11) (build 17.0.13+11)
# Java VM: OpenJDK 64-Bit Server VM Temurin-17.0.13+11 (17.0.13+11, mixed mode, tiered, compressed oops, compressed class ptrs, parallel gc, windows-amd64)
GC Precious Log:
 CPUs: 16 total, 16 available
 Memory: 28356M
 Large Page Support: Disabled
 NUMA Support: Disabled
 Compressed Oops: Enabled (32-bit)
 Alignments: Space 512K, Generation 512K, Heap 2M
 Heap Min Capacity: 100M
 Heap Initial Capacity: 100M
 Heap Max Capacity: 1G
 Pre-touch: Disabled
 Parallel Workers: 13
Heap:
 PSYoungGen      total 14336K, used 14208K [0x00000000eab00000, 0x00000000ec180000, 0x0000000100000000)
  eden space 6144K, 100% used [0x00000000eab00000,0x00000000eb100000,0x00000000eb100000)
  from space 8192K, 98% used [0x00000000eb980000,0x00000000ec160000,0x00000000ec180000)
  to   space 8192K, 28% used [0x00000000eb100000,0x00000000eb350000,0x00000000eb900000)
 ParOldGen       total 92672K, used 78061K [0x00000000c0000000, 0x00000000c5a80000, 0x00000000eab00000)
  object space 92672K, 84% used [0x00000000c0000000,0x00000000c4c3b598,0x00000000c5a80000)
 Metaspace       used 68895K, committed 70144K, reserved 1114112K
  class space    used 6920K, committed 7424K, reserved 1048576K
GC Heap History (20 events):
Event: 14.596 GC heap before
{Heap before GC invocations=164 (full 7):
 PSYoungGen      total 10752K, used 10752K [0x00000000eab00000, 0x00000000ebb80000, 0x0000000100000000)
  eden space 6144K, 100% used [0x00000000eab00000,0x00000000eb100000,0x00000000eb100000)
  from space 4608K, 100% used [0x00000000eb600000,0x00000000eba80000,0x00000000eba80000)
  to   space 5120K, 0% used [0x00000000eb100000,0x00000000eb100000,0x00000000eb600000)
 ParOldGen       total 92672K, used 72316K [0x00000000c0000000, 0x00000000c5a80000, 0x00000000eab00000)
  object space 92672K, 78% used [0x00000000c0000000,0x00000000c469f010,0x00000000c5a80000)
 Metaspace       used 68581K, committed 69824K, reserved 1114112K
  class space    used 6912K, committed 7424K, reserved 1048576K
}
Event: 14.599 GC heap after
{Heap after GC invocations=164 (full 7):
 PSYoungGen      total 11264K, used 4512K [0x00000000eab00000, 0x00000000ebb00000, 0x0000000100000000)
  eden space 6144K, 0% used [0x00000000eab00000,0x00000000eab00000,0x00000000eb100000)
  from space 5120K, 88% used [0x00000000eb100000,0x00000000eb568000,0x00000000eb600000)
  to   space 5120K, 0% used [0x00000000eb600000,0x00000000eb600000,0x00000000ebb00000)
 ParOldGen       total 92672K, used 72916K [0x00000000c0000000, 0x00000000c5a80000, 0x00000000eab00000)
  object space 92672K, 78% used [0x00000000c0000000,0x00000000c4735010,0x00000000c5a80000)
 Metaspace       used 68581K, committed 69824K, reserved 1114112K
  class space    used 6912K, committed 7424K, reserved 1048576K
}
Event: 14.618 GC heap before
{Heap before GC invocations=165 (full 7):
 PSYoungGen      total 11264K, used 10648K [0x00000000eab00000, 0x00000000ebb00000, 0x0000000100000000)
  eden space 6144K, 99% used [0x00000000eab00000,0x00000000eb0fe3e0,0x00000000eb100000)
  from space 5120K, 88% used [0x00000000eb100000,0x00000000eb568000,0x00000000eb600000)
  to   space 5120K, 0% used [0x00000000eb600000,0x00000000eb600000,0x00000000ebb00000)
 ParOldGen       total 92672K, used 72916K [0x00000000c0000000, 0x00000000c5a80000, 0x00000000eab00000)
  object space 92672K, 78% used [0x00000000c0000000,0x00000000c4735010,0x00000000c5a80000)
 Metaspace       used 68584K, committed 69824K, reserved 1114112K
  class space    used 6912K, committed 7424K, reserved 1048576K
}
Event: 14.620 GC heap after
{Heap after GC invocations=165 (full 7):
 PSYoungGen      total 10752K, used 5115K [0x00000000eab00000, 0x00000000ebc00000, 0x0000000100000000)
  eden space 5632K, 0% used [0x00000000eab00000,0x00000000eab00000,0x00000000eb080000)
  from space 5120K, 99% used [0x00000000eb600000,0x00000000ebafec08,0x00000000ebb00000)
  to   space 5632K, 0% used [0x00000000eb080000,0x00000000eb080000,0x00000000eb600000)
 ParOldGen       total 92672K, used 72916K [0x00000000c0000000, 0x00000000c5a80000, 0x00000000eab00000)
  object space 92672K, 78% used [0x00000000c0000000,0x00000000c4735010,0x00000000c5a80000)
 Metaspace       used 68584K, committed 69824K, reserved 1114112K
  class space    used 6912K, committed 7424K, reserved 1048576K
}
Event: 14.637 GC heap before
{Heap before GC invocations=166 (full 7):
 PSYoungGen      total 10752K, used 10733K [0x00000000eab00000, 0x00000000ebc00000, 0x0000000100000000)
  eden space 5632K, 99% used [0x00000000eab00000,0x00000000eb07cb70,0x00000000eb080000)
  from space 5120K, 99% used [0x00000000eb600000,0x00000000ebafec08,0x00000000ebb00000)
  to   space 5632K, 0% used [0x00000000eb080000,0x00000000eb080000,0x00000000eb600000)
 ParOldGen       total 92672K, used 72916K [0x00000000c0000000, 0x00000000c5a80000, 0x00000000eab00000)
  object space 92672K, 78% used [0x00000000c0000000,0x00000000c4735010,0x00000000c5a80000)
 Metaspace       used 68603K, committed 69824K, reserved 1114112K
  class space    used 6912K, committed 7424K, reserved 1048576K
}
Event: 14.640 GC heap after
{Heap after GC invocations=166 (full 7):
 PSYoungGen      total 11264K, used 5483K [0x00000000eab00000, 0x00000000ebc80000, 0x0000000100000000)
  eden space 5632K, 0% used [0x00000000eab00000,0x00000000eab00000,0x00000000eb080000)
  from space 5632K, 97% used [0x00000000eb080000,0x00000000eb5dac38,0x00000000eb600000)
  to   space 5632K, 0% used [0x00000000eb700000,0x00000000eb700000,0x00000000ebc80000)
 ParOldGen       total 92672K, used 72916K [0x00000000c0000000, 0x00000000c5a80000, 0x00000000eab00000)
  object space 92672K, 78% used [0x00000000c0000000,0x00000000c4735010,0x00000000c5a80000)
 Metaspace       used 68603K, committed 69824K, reserved 1114112K
  class space    used 6912K, committed 7424K, reserved 1048576K
}
Event: 14.665 GC heap before
{Heap before GC invocations=167 (full 7):
 PSYoungGen      total 11264K, used 11115K [0x00000000eab00000, 0x00000000ebc80000, 0x0000000100000000)
  eden space 5632K, 100% used [0x00000000eab00000,0x00000000eb080000,0x00000000eb080000)
  from space 5632K, 97% used [0x00000000eb080000,0x00000000eb5dac38,0x00000000eb600000)
  to   space 5632K, 0% used [0x00000000eb700000,0x00000000eb700000,0x00000000ebc80000)
 ParOldGen       total 92672K, used 72916K [0x00000000c0000000, 0x00000000c5a80000, 0x00000000eab00000)
  object space 92672K, 78% used [0x00000000c0000000,0x00000000c4735010,0x00000000c5a80000)
 Metaspace       used 68675K, committed 69888K, reserved 1114112K
  class space    used 6915K, committed 7424K, reserved 1048576K
}
Event: 14.667 GC heap after
{Heap after GC invocations=167 (full 7):
 PSYoungGen      total 11264K, used 5339K [0x00000000eab00000, 0x00000000ebc80000, 0x0000000100000000)
  eden space 5632K, 0% used [0x00000000eab00000,0x00000000eab00000,0x00000000eb080000)
  from space 5632K, 94% used [0x00000000eb700000,0x00000000ebc36c28,0x00000000ebc80000)
  to   space 5632K, 0% used [0x00000000eb080000,0x00000000eb080000,0x00000000eb600000)
 ParOldGen       total 92672K, used 72916K [0x00000000c0000000, 0x00000000c5a80000, 0x00000000eab00000)
  object space 92672K, 78% used [0x00000000c0000000,0x00000000c4735010,0x00000000c5a80000)
 Metaspace       used 68675K, committed 69888K, reserved 1114112K
  class space    used 6915K, committed 7424K, reserved 1048576K
}
Event: 14.679 GC heap before
{Heap before GC invocations=168 (full 7):
 PSYoungGen      total 11264K, used 10971K [0x00000000eab00000, 0x00000000ebc80000, 0x0000000100000000)
  eden space 5632K, 100% used [0x00000000eab00000,0x00000000eb080000,0x00000000eb080000)
  from space 5632K, 94% used [0x00000000eb700000,0x00000000ebc36c28,0x00000000ebc80000)
  to   space 5632K, 0% used [0x00000000eb080000,0x00000000eb080000,0x00000000eb600000)
 ParOldGen       total 92672K, used 72916K [0x00000000c0000000, 0x00000000c5a80000, 0x00000000eab00000)
  object space 92672K, 78% used [0x00000000c0000000,0x00000000c4735010,0x00000000c5a80000)
 Metaspace       used 68694K, committed 69888K, reserved 1114112K
  class space    used 6915K, committed 7424K, reserved 1048576K
}
Event: 14.682 GC heap after
{Heap after GC invocations=168 (full 7):
 PSYoungGen      total 11264K, used 5627K [0x00000000eab00000, 0x00000000ebe80000, 0x0000000100000000)
  eden space 5632K, 0% used [0x00000000eab00000,0x00000000eab00000,0x00000000eb080000)
  from space 5632K, 99% used [0x00000000eb080000,0x00000000eb5fec28,0x00000000eb600000)
  to   space 6656K, 0% used [0x00000000eb800000,0x00000000eb800000,0x00000000ebe80000)
 ParOldGen       total 92672K, used 73694K [0x00000000c0000000, 0x00000000c5a80000, 0x00000000eab00000)
  object space 92672K, 79% used [0x00000000c0000000,0x00000000c47f7b80,0x00000000c5a80000)
 Metaspace       used 68694K, committed 69888K, reserved 1114112K
  class space    used 6915K, committed 7424K, reserved 1048576K
}
Event: 14.698 GC heap before
{Heap before GC invocations=169 (full 7):
 PSYoungGen      total 11264K, used 11259K [0x00000000eab00000, 0x00000000ebe80000, 0x0000000100000000)
  eden space 5632K, 100% used [0x00000000eab00000,0x00000000eb080000,0x00000000eb080000)
  from space 5632K, 99% used [0x00000000eb080000,0x00000000eb5fec28,0x00000000eb600000)
  to   space 6656K, 0% used [0x00000000eb800000,0x00000000eb800000,0x00000000ebe80000)
 ParOldGen       total 92672K, used 73694K [0x00000000c0000000, 0x00000000c5a80000, 0x00000000eab00000)
  object space 92672K, 79% used [0x00000000c0000000,0x00000000c47f7b80,0x00000000c5a80000)
 Metaspace       used 68734K, committed 69952K, reserved 1114112K
  class space    used 6916K, committed 7424K, reserved 1048576K
}
Event: 14.701 GC heap after
{Heap after GC invocations=169 (full 7):
 PSYoungGen      total 13312K, used 6459K [0x00000000eab00000, 0x00000000ebe80000, 0x0000000100000000)
  eden space 6656K, 0% used [0x00000000eab00000,0x00000000eab00000,0x00000000eb180000)
  from space 6656K, 97% used [0x00000000eb800000,0x00000000ebe4ec08,0x00000000ebe80000)
  to   space 6656K, 0% used [0x00000000eb180000,0x00000000eb180000,0x00000000eb800000)
 ParOldGen       total 92672K, used 74486K [0x00000000c0000000, 0x00000000c5a80000, 0x00000000eab00000)
  object space 92672K, 80% used [0x00000000c0000000,0x00000000c48bdb90,0x00000000c5a80000)
 Metaspace       used 68734K, committed 69952K, reserved 1114112K
  class space    used 6916K, committed 7424K, reserved 1048576K
}
Event: 14.730 GC heap before
{Heap before GC invocations=170 (full 7):
 PSYoungGen      total 13312K, used 13115K [0x00000000eab00000, 0x00000000ebe80000, 0x0000000100000000)
  eden space 6656K, 100% used [0x00000000eab00000,0x00000000eb180000,0x00000000eb180000)
  from space 6656K, 97% used [0x00000000eb800000,0x00000000ebe4ec08,0x00000000ebe80000)
  to   space 6656K, 0% used [0x00000000eb180000,0x00000000eb180000,0x00000000eb800000)
 ParOldGen       total 92672K, used 74486K [0x00000000c0000000, 0x00000000c5a80000, 0x00000000eab00000)
  object space 92672K, 80% used [0x00000000c0000000,0x00000000c48bdb90,0x00000000c5a80000)
 Metaspace       used 68736K, committed 69952K, reserved 1114112K
  class space    used 6916K, committed 7424K, reserved 1048576K
}
Event: 14.732 GC heap after
{Heap after GC invocations=170 (full 7):
 PSYoungGen      total 13312K, used 6304K [0x00000000eab00000, 0x00000000ebf80000, 0x0000000100000000)
  eden space 6656K, 0% used [0x00000000eab00000,0x00000000eab00000,0x00000000eb180000)
  from space 6656K, 94% used [0x00000000eb180000,0x00000000eb7a8000,0x00000000eb800000)
  to   space 6656K, 0% used [0x00000000eb900000,0x00000000eb900000,0x00000000ebf80000)
 ParOldGen       total 92672K, used 74918K [0x00000000c0000000, 0x00000000c5a80000, 0x00000000eab00000)
  object space 92672K, 80% used [0x00000000c0000000,0x00000000c4929b90,0x00000000c5a80000)
 Metaspace       used 68736K, committed 69952K, reserved 1114112K
  class space    used 6916K, committed 7424K, reserved 1048576K
}
Event: 14.766 GC heap before
{Heap before GC invocations=171 (full 7):
 PSYoungGen      total 13312K, used 12960K [0x00000000eab00000, 0x00000000ebf80000, 0x0000000100000000)
  eden space 6656K, 100% used [0x00000000eab00000,0x00000000eb180000,0x00000000eb180000)
  from space 6656K, 94% used [0x00000000eb180000,0x00000000eb7a8000,0x00000000eb800000)
  to   space 6656K, 0% used [0x00000000eb900000,0x00000000eb900000,0x00000000ebf80000)
 ParOldGen       total 92672K, used 74918K [0x00000000c0000000, 0x00000000c5a80000, 0x00000000eab00000)
  object space 92672K, 80% used [0x00000000c0000000,0x00000000c4929b90,0x00000000c5a80000)
 Metaspace       used 68787K, committed 70016K, reserved 1114112K
  class space    used 6917K, committed 7424K, reserved 1048576K
}
Event: 14.768 GC heap after
{Heap after GC invocations=171 (full 7):
 PSYoungGen      total 13312K, used 6640K [0x00000000eab00000, 0x00000000ec180000, 0x0000000100000000)
  eden space 6656K, 0% used [0x00000000eab00000,0x00000000eab00000,0x00000000eb180000)
  from space 6656K, 99% used [0x00000000eb900000,0x00000000ebf7c010,0x00000000ebf80000)
  to   space 7680K, 0% used [0x00000000eb180000,0x00000000eb180000,0x00000000eb900000)
 ParOldGen       total 92672K, used 75374K [0x00000000c0000000, 0x00000000c5a80000, 0x00000000eab00000)
  object space 92672K, 81% used [0x00000000c0000000,0x00000000c499bb90,0x00000000c5a80000)
 Metaspace       used 68787K, committed 70016K, reserved 1114112K
  class space    used 6917K, committed 7424K, reserved 1048576K
}
Event: 14.785 GC heap before
{Heap before GC invocations=172 (full 7):
 PSYoungGen      total 13312K, used 13296K [0x00000000eab00000, 0x00000000ec180000, 0x0000000100000000)
  eden space 6656K, 99% used [0x00000000eab00000,0x00000000eb17fff0,0x00000000eb180000)
  from space 6656K, 99% used [0x00000000eb900000,0x00000000ebf7c010,0x00000000ebf80000)
  to   space 7680K, 0% used [0x00000000eb180000,0x00000000eb180000,0x00000000eb900000)
 ParOldGen       total 92672K, used 75374K [0x00000000c0000000, 0x00000000c5a80000, 0x00000000eab00000)
  object space 92672K, 81% used [0x00000000c0000000,0x00000000c499bb90,0x00000000c5a80000)
 Metaspace       used 68794K, committed 70016K, reserved 1114112K
  class space    used 6917K, committed 7424K, reserved 1048576K
}
Event: 14.787 GC heap after
{Heap after GC invocations=172 (full 7):
 PSYoungGen      total 14336K, used 7168K [0x00000000eab00000, 0x00000000ec180000, 0x0000000100000000)
  eden space 6656K, 0% used [0x00000000eab00000,0x00000000eab00000,0x00000000eb180000)
  from space 7680K, 93% used [0x00000000eb180000,0x00000000eb880000,0x00000000eb900000)
  to   space 7680K, 0% used [0x00000000eba00000,0x00000000eba00000,0x00000000ec180000)
 ParOldGen       total 92672K, used 75854K [0x00000000c0000000, 0x00000000c5a80000, 0x00000000eab00000)
  object space 92672K, 81% used [0x00000000c0000000,0x00000000c4a13b90,0x00000000c5a80000)
 Metaspace       used 68794K, committed 70016K, reserved 1114112K
  class space    used 6917K, committed 7424K, reserved 1048576K
}
Event: 14.828 GC heap before
{Heap before GC invocations=173 (full 7):
 PSYoungGen      total 14336K, used 13824K [0x00000000eab00000, 0x00000000ec180000, 0x0000000100000000)
  eden space 6656K, 100% used [0x00000000eab00000,0x00000000eb180000,0x00000000eb180000)
  from space 7680K, 93% used [0x00000000eb180000,0x00000000eb880000,0x00000000eb900000)
  to   space 7680K, 0% used [0x00000000eba00000,0x00000000eba00000,0x00000000ec180000)
 ParOldGen       total 92672K, used 75854K [0x00000000c0000000, 0x00000000c5a80000, 0x00000000eab00000)
  object space 92672K, 81% used [0x00000000c0000000,0x00000000c4a13b90,0x00000000c5a80000)
 Metaspace       used 68812K, committed 70016K, reserved 1114112K
  class space    used 6918K, committed 7424K, reserved 1048576K
}
Event: 14.830 GC heap after
{Heap after GC invocations=173 (full 7):
 PSYoungGen      total 14848K, used 7616K [0x00000000eab00000, 0x00000000ec280000, 0x0000000100000000)
  eden space 7168K, 0% used [0x00000000eab00000,0x00000000eab00000,0x00000000eb200000)
  from space 7680K, 99% used [0x00000000eba00000,0x00000000ec170020,0x00000000ec180000)
  to   space 8192K, 0% used [0x00000000eb200000,0x00000000eb200000,0x00000000eba00000)
 ParOldGen       total 92672K, used 75862K [0x00000000c0000000, 0x00000000c5a80000, 0x00000000eab00000)
  object space 92672K, 81% used [0x00000000c0000000,0x00000000c4a15b90,0x00000000c5a80000)
 Metaspace       used 68812K, committed 70016K, reserved 1114112K
  class space    used 6918K, committed 7424K, reserved 1048576K
}

