# JRE version: OpenJDK Runtime Environment Temurin-17.0.13+11 (17.0.13+11) (build 17.0.13+11)
# Java VM: OpenJDK 64-Bit Server VM Temurin-17.0.13+11 (17.0.13+11, mixed mode, tiered, compressed oops, compressed class ptrs, parallel gc, windows-amd64)
GC Precious Log:
 CPUs: 16 total, 16 available
 Memory: 28356M
 Large Page Support: Disabled
 NUMA Support: Disabled
 Compressed Oops: Enabled (32-bit)
 Alignments: Space 512K, Generation 512K, Heap 2M
 Heap Min Capacity: 100M
 Heap Initial Capacity: 100M
 Heap Max Capacity: 1G
 Pre-touch: Disabled
 Parallel Workers: 13
Heap:
 PSYoungGen      total 24064K, used 21485K [0x00000000eab00000, 0x00000000ec500000, 0x0000000100000000)
  eden space 21504K, 88% used [0x00000000eab00000,0x00000000ebd937e8,0x00000000ec000000)
  from space 2560K, 96% used [0x00000000ec000000,0x00000000ec268000,0x00000000ec280000)
  to   space 2560K, 0% used [0x00000000ec280000,0x00000000ec280000,0x00000000ec500000)
 ParOldGen       total 68608K, used 28778K [0x00000000c0000000, 0x00000000c4300000, 0x00000000eab00000)
  object space 68608K, 41% used [0x00000000c0000000,0x00000000c1c1ab18,0x00000000c4300000)
 Metaspace       used 48913K, committed 49984K, reserved 1114112K
  class space    used 5073K, committed 5568K, reserved 1048576K
GC Heap History (20 events):
Event: 3.534 GC heap before
{Heap before GC invocations=10 (full 1):
 PSYoungGen      total 26112K, used 26111K [0x00000000eab00000, 0x00000000ecf80000, 0x0000000100000000)
  eden space 23040K, 100% used [0x00000000eab00000,0x00000000ec180000,0x00000000ec180000)
  from space 3072K, 99% used [0x00000000ec800000,0x00000000ecaffe60,0x00000000ecb00000)
  to   space 6656K, 0% used [0x00000000ec180000,0x00000000ec180000,0x00000000ec800000)
 ParOldGen       total 68608K, used 14212K [0x00000000c0000000, 0x00000000c4300000, 0x00000000eab00000)
  object space 68608K, 20% used [0x00000000c0000000,0x00000000c0de1078,0x00000000c4300000)
 Metaspace       used 33013K, committed 33792K, reserved 1114112K
  class space    used 3275K, committed 3648K, reserved 1048576K
}
Event: 3.536 GC heap after
{Heap after GC invocations=10 (full 1):
 PSYoungGen      total 25600K, used 2591K [0x00000000eab00000, 0x00000000ec900000, 0x0000000100000000)
  eden space 22528K, 0% used [0x00000000eab00000,0x00000000eab00000,0x00000000ec100000)
  from space 3072K, 84% used [0x00000000ec180000,0x00000000ec407c30,0x00000000ec480000)
  to   space 4096K, 0% used [0x00000000ec500000,0x00000000ec500000,0x00000000ec900000)
 ParOldGen       total 68608K, used 15447K [0x00000000c0000000, 0x00000000c4300000, 0x00000000eab00000)
  object space 68608K, 22% used [0x00000000c0000000,0x00000000c0f15d98,0x00000000c4300000)
 Metaspace       used 33013K, committed 33792K, reserved 1114112K
  class space    used 3275K, committed 3648K, reserved 1048576K
}
Event: 3.749 GC heap before
{Heap before GC invocations=11 (full 1):
 PSYoungGen      total 25600K, used 25119K [0x00000000eab00000, 0x00000000ec900000, 0x0000000100000000)
  eden space 22528K, 100% used [0x00000000eab00000,0x00000000ec100000,0x00000000ec100000)
  from space 3072K, 84% used [0x00000000ec180000,0x00000000ec407c30,0x00000000ec480000)
  to   space 4096K, 0% used [0x00000000ec500000,0x00000000ec500000,0x00000000ec900000)
 ParOldGen       total 68608K, used 15447K [0x00000000c0000000, 0x00000000c4300000, 0x00000000eab00000)
  object space 68608K, 22% used [0x00000000c0000000,0x00000000c0f15d98,0x00000000c4300000)
 Metaspace       used 34315K, committed 35200K, reserved 1114112K
  class space    used 3353K, committed 3776K, reserved 1048576K
}
Event: 3.750 GC heap after
{Heap after GC invocations=11 (full 1):
 PSYoungGen      total 25088K, used 2733K [0x00000000eab00000, 0x00000000ec800000, 0x0000000100000000)
  eden space 22016K, 0% used [0x00000000eab00000,0x00000000eab00000,0x00000000ec080000)
  from space 3072K, 88% used [0x00000000ec500000,0x00000000ec7ab738,0x00000000ec800000)
  to   space 3072K, 0% used [0x00000000ec200000,0x00000000ec200000,0x00000000ec500000)
 ParOldGen       total 68608K, used 17336K [0x00000000c0000000, 0x00000000c4300000, 0x00000000eab00000)
  object space 68608K, 25% used [0x00000000c0000000,0x00000000c10ee1f8,0x00000000c4300000)
 Metaspace       used 34315K, committed 35200K, reserved 1114112K
  class space    used 3353K, committed 3776K, reserved 1048576K
}
Event: 3.840 GC heap before
{Heap before GC invocations=12 (full 1):
 PSYoungGen      total 25088K, used 8288K [0x00000000eab00000, 0x00000000ec800000, 0x0000000100000000)
  eden space 22016K, 25% used [0x00000000eab00000,0x00000000eb06c938,0x00000000ec080000)
  from space 3072K, 88% used [0x00000000ec500000,0x00000000ec7ab738,0x00000000ec800000)
  to   space 3072K, 0% used [0x00000000ec200000,0x00000000ec200000,0x00000000ec500000)
 ParOldGen       total 68608K, used 17336K [0x00000000c0000000, 0x00000000c4300000, 0x00000000eab00000)
  object space 68608K, 25% used [0x00000000c0000000,0x00000000c10ee1f8,0x00000000c4300000)
 Metaspace       used 35049K, committed 35840K, reserved 1114112K
  class space    used 3415K, committed 3776K, reserved 1048576K
}
Event: 3.842 GC heap after
{Heap after GC invocations=12 (full 1):
 PSYoungGen      total 22528K, used 476K [0x00000000eab00000, 0x00000000ec580000, 0x0000000100000000)
  eden space 22016K, 0% used [0x00000000eab00000,0x00000000eab00000,0x00000000ec080000)
  from space 512K, 93% used [0x00000000ec200000,0x00000000ec2770d0,0x00000000ec280000)
  to   space 1536K, 0% used [0x00000000ec400000,0x00000000ec400000,0x00000000ec580000)
 ParOldGen       total 68608K, used 19653K [0x00000000c0000000, 0x00000000c4300000, 0x00000000eab00000)
  object space 68608K, 28% used [0x00000000c0000000,0x00000000c1331630,0x00000000c4300000)
 Metaspace       used 35049K, committed 35840K, reserved 1114112K
  class space    used 3415K, committed 3776K, reserved 1048576K
}
Event: 3.842 GC heap before
{Heap before GC invocations=13 (full 2):
 PSYoungGen      total 22528K, used 476K [0x00000000eab00000, 0x00000000ec580000, 0x0000000100000000)
  eden space 22016K, 0% used [0x00000000eab00000,0x00000000eab00000,0x00000000ec080000)
  from space 512K, 93% used [0x00000000ec200000,0x00000000ec2770d0,0x00000000ec280000)
  to   space 1536K, 0% used [0x00000000ec400000,0x00000000ec400000,0x00000000ec580000)
 ParOldGen       total 68608K, used 19653K [0x00000000c0000000, 0x00000000c4300000, 0x00000000eab00000)
  object space 68608K, 28% used [0x00000000c0000000,0x00000000c1331630,0x00000000c4300000)
 Metaspace       used 35049K, committed 35840K, reserved 1114112K
  class space    used 3415K, committed 3776K, reserved 1048576K
}
Event: 3.864 GC heap after
{Heap after GC invocations=13 (full 2):
 PSYoungGen      total 22528K, used 0K [0x00000000eab00000, 0x00000000ec580000, 0x0000000100000000)
  eden space 22016K, 0% used [0x00000000eab00000,0x00000000eab00000,0x00000000ec080000)
  from space 512K, 0% used [0x00000000ec200000,0x00000000ec200000,0x00000000ec280000)
  to   space 1536K, 0% used [0x00000000ec400000,0x00000000ec400000,0x00000000ec580000)
 ParOldGen       total 68608K, used 16060K [0x00000000c0000000, 0x00000000c4300000, 0x00000000eab00000)
  object space 68608K, 23% used [0x00000000c0000000,0x00000000c0faf3f0,0x00000000c4300000)
 Metaspace       used 35035K, committed 35840K, reserved 1114112K
  class space    used 3412K, committed 3776K, reserved 1048576K
}
Event: 4.090 GC heap before
{Heap before GC invocations=14 (full 2):
 PSYoungGen      total 22528K, used 22016K [0x00000000eab00000, 0x00000000ec580000, 0x0000000100000000)
  eden space 22016K, 100% used [0x00000000eab00000,0x00000000ec080000,0x00000000ec080000)
  from space 512K, 0% used [0x00000000ec200000,0x00000000ec200000,0x00000000ec280000)
  to   space 1536K, 0% used [0x00000000ec400000,0x00000000ec400000,0x00000000ec580000)
 ParOldGen       total 68608K, used 16060K [0x00000000c0000000, 0x00000000c4300000, 0x00000000eab00000)
  object space 68608K, 23% used [0x00000000c0000000,0x00000000c0faf3f0,0x00000000c4300000)
 Metaspace       used 38008K, committed 38976K, reserved 1114112K
  class space    used 3742K, committed 4224K, reserved 1048576K
}
Event: 4.091 GC heap after
{Heap after GC invocations=14 (full 2):
 PSYoungGen      total 23552K, used 1481K [0x00000000eab00000, 0x00000000ec580000, 0x0000000100000000)
  eden space 22016K, 0% used [0x00000000eab00000,0x00000000eab00000,0x00000000ec080000)
  from space 1536K, 96% used [0x00000000ec400000,0x00000000ec5724c0,0x00000000ec580000)
  to   space 2048K, 0% used [0x00000000ec180000,0x00000000ec180000,0x00000000ec380000)
 ParOldGen       total 68608K, used 16068K [0x00000000c0000000, 0x00000000c4300000, 0x00000000eab00000)
  object space 68608K, 23% used [0x00000000c0000000,0x00000000c0fb13f0,0x00000000c4300000)
 Metaspace       used 38008K, committed 38976K, reserved 1114112K
  class space    used 3742K, committed 4224K, reserved 1048576K
}
Event: 4.265 GC heap before
{Heap before GC invocations=15 (full 2):
 PSYoungGen      total 23552K, used 23497K [0x00000000eab00000, 0x00000000ec580000, 0x0000000100000000)
  eden space 22016K, 100% used [0x00000000eab00000,0x00000000ec080000,0x00000000ec080000)
  from space 1536K, 96% used [0x00000000ec400000,0x00000000ec5724c0,0x00000000ec580000)
  to   space 2048K, 0% used [0x00000000ec180000,0x00000000ec180000,0x00000000ec380000)
 ParOldGen       total 68608K, used 16068K [0x00000000c0000000, 0x00000000c4300000, 0x00000000eab00000)
  object space 68608K, 23% used [0x00000000c0000000,0x00000000c0fb13f0,0x00000000c4300000)
 Metaspace       used 40404K, committed 41344K, reserved 1114112K
  class space    used 4035K, committed 4480K, reserved 1048576K
}
Event: 4.267 GC heap after
{Heap after GC invocations=15 (full 2):
 PSYoungGen      total 23552K, used 1280K [0x00000000eab00000, 0x00000000ec480000, 0x0000000100000000)
  eden space 22016K, 0% used [0x00000000eab00000,0x00000000eab00000,0x00000000ec080000)
  from space 1536K, 83% used [0x00000000ec180000,0x00000000ec2c0000,0x00000000ec300000)
  to   space 1536K, 0% used [0x00000000ec300000,0x00000000ec300000,0x00000000ec480000)
 ParOldGen       total 68608K, used 17504K [0x00000000c0000000, 0x00000000c4300000, 0x00000000eab00000)
  object space 68608K, 25% used [0x00000000c0000000,0x00000000c11183a0,0x00000000c4300000)
 Metaspace       used 40404K, committed 41344K, reserved 1114112K
  class space    used 4035K, committed 4480K, reserved 1048576K
}
Event: 4.366 GC heap before
{Heap before GC invocations=16 (full 2):
 PSYoungGen      total 23552K, used 23296K [0x00000000eab00000, 0x00000000ec480000, 0x0000000100000000)
  eden space 22016K, 100% used [0x00000000eab00000,0x00000000ec080000,0x00000000ec080000)
  from space 1536K, 83% used [0x00000000ec180000,0x00000000ec2c0000,0x00000000ec300000)
  to   space 1536K, 0% used [0x00000000ec300000,0x00000000ec300000,0x00000000ec480000)
 ParOldGen       total 68608K, used 17504K [0x00000000c0000000, 0x00000000c4300000, 0x00000000eab00000)
  object space 68608K, 25% used [0x00000000c0000000,0x00000000c11183a0,0x00000000c4300000)
 Metaspace       used 43094K, committed 44096K, reserved 1114112K
  class space    used 4374K, committed 4864K, reserved 1048576K
}
Event: 4.368 GC heap after
{Heap after GC invocations=16 (full 2):
 PSYoungGen      total 23552K, used 1200K [0x00000000eab00000, 0x00000000ec480000, 0x0000000100000000)
  eden space 22016K, 0% used [0x00000000eab00000,0x00000000eab00000,0x00000000ec080000)
  from space 1536K, 78% used [0x00000000ec300000,0x00000000ec42c010,0x00000000ec480000)
  to   space 1536K, 0% used [0x00000000ec180000,0x00000000ec180000,0x00000000ec300000)
 ParOldGen       total 68608K, used 18599K [0x00000000c0000000, 0x00000000c4300000, 0x00000000eab00000)
  object space 68608K, 27% used [0x00000000c0000000,0x00000000c1229fd8,0x00000000c4300000)
 Metaspace       used 43094K, committed 44096K, reserved 1114112K
  class space    used 4374K, committed 4864K, reserved 1048576K
}
Event: 4.477 GC heap before
{Heap before GC invocations=17 (full 2):
 PSYoungGen      total 23552K, used 23216K [0x00000000eab00000, 0x00000000ec480000, 0x0000000100000000)
  eden space 22016K, 100% used [0x00000000eab00000,0x00000000ec080000,0x00000000ec080000)
  from space 1536K, 78% used [0x00000000ec300000,0x00000000ec42c010,0x00000000ec480000)
  to   space 1536K, 0% used [0x00000000ec180000,0x00000000ec180000,0x00000000ec300000)
 ParOldGen       total 68608K, used 18599K [0x00000000c0000000, 0x00000000c4300000, 0x00000000eab00000)
  object space 68608K, 27% used [0x00000000c0000000,0x00000000c1229fd8,0x00000000c4300000)
 Metaspace       used 44884K, committed 46016K, reserved 1114112K
  class space    used 4610K, committed 5120K, reserved 1048576K
}
Event: 4.479 GC heap after
{Heap after GC invocations=17 (full 2):
 PSYoungGen      total 23552K, used 1357K [0x00000000eab00000, 0x00000000ec380000, 0x0000000100000000)
  eden space 22016K, 0% used [0x00000000eab00000,0x00000000eab00000,0x00000000ec080000)
  from space 1536K, 88% used [0x00000000ec180000,0x00000000ec2d36d0,0x00000000ec300000)
  to   space 512K, 0% used [0x00000000ec300000,0x00000000ec300000,0x00000000ec380000)
 ParOldGen       total 68608K, used 21371K [0x00000000c0000000, 0x00000000c4300000, 0x00000000eab00000)
  object space 68608K, 31% used [0x00000000c0000000,0x00000000c14dedb8,0x00000000c4300000)
 Metaspace       used 44884K, committed 46016K, reserved 1114112K
  class space    used 4610K, committed 5120K, reserved 1048576K
}
Event: 4.569 GC heap before
{Heap before GC invocations=18 (full 2):
 PSYoungGen      total 23552K, used 23373K [0x00000000eab00000, 0x00000000ec380000, 0x0000000100000000)
  eden space 22016K, 100% used [0x00000000eab00000,0x00000000ec080000,0x00000000ec080000)
  from space 1536K, 88% used [0x00000000ec180000,0x00000000ec2d36d0,0x00000000ec300000)
  to   space 512K, 0% used [0x00000000ec300000,0x00000000ec300000,0x00000000ec380000)
 ParOldGen       total 68608K, used 21371K [0x00000000c0000000, 0x00000000c4300000, 0x00000000eab00000)
  object space 68608K, 31% used [0x00000000c0000000,0x00000000c14dedb8,0x00000000c4300000)
 Metaspace       used 46455K, committed 47488K, reserved 1114112K
  class space    used 4806K, committed 5248K, reserved 1048576K
}
Event: 4.571 GC heap after
{Heap after GC invocations=18 (full 2):
 PSYoungGen      total 22016K, used 512K [0x00000000eab00000, 0x00000000ec680000, 0x0000000100000000)
  eden space 21504K, 0% used [0x00000000eab00000,0x00000000eab00000,0x00000000ec000000)
  from space 512K, 100% used [0x00000000ec300000,0x00000000ec380000,0x00000000ec380000)
  to   space 3072K, 0% used [0x00000000ec000000,0x00000000ec000000,0x00000000ec300000)
 ParOldGen       total 68608K, used 23436K [0x00000000c0000000, 0x00000000c4300000, 0x00000000eab00000)
  object space 68608K, 34% used [0x00000000c0000000,0x00000000c16e30f8,0x00000000c4300000)
 Metaspace       used 46455K, committed 47488K, reserved 1114112K
  class space    used 4806K, committed 5248K, reserved 1048576K
}
Event: 4.699 GC heap before
{Heap before GC invocations=19 (full 2):
 PSYoungGen      total 22016K, used 22016K [0x00000000eab00000, 0x00000000ec680000, 0x0000000100000000)
  eden space 21504K, 100% used [0x00000000eab00000,0x00000000ec000000,0x00000000ec000000)
  from space 512K, 100% used [0x00000000ec300000,0x00000000ec380000,0x00000000ec380000)
  to   space 3072K, 0% used [0x00000000ec000000,0x00000000ec000000,0x00000000ec300000)
 ParOldGen       total 68608K, used 23436K [0x00000000c0000000, 0x00000000c4300000, 0x00000000eab00000)
  object space 68608K, 34% used [0x00000000c0000000,0x00000000c16e30f8,0x00000000c4300000)
 Metaspace       used 47417K, committed 48512K, reserved 1114112K
  class space    used 4891K, committed 5376K, reserved 1048576K
}
Event: 4.702 GC heap after
{Heap after GC invocations=19 (full 2):
 PSYoungGen      total 24064K, used 2358K [0x00000000eab00000, 0x00000000ec500000, 0x0000000100000000)
  eden space 21504K, 0% used [0x00000000eab00000,0x00000000eab00000,0x00000000ec000000)
  from space 2560K, 92% used [0x00000000ec000000,0x00000000ec24d808,0x00000000ec280000)
  to   space 2560K, 0% used [0x00000000ec280000,0x00000000ec280000,0x00000000ec500000)
 ParOldGen       total 68608K, used 23916K [0x00000000c0000000, 0x00000000c4300000, 0x00000000eab00000)
  object space 68608K, 34% used [0x00000000c0000000,0x00000000c175b0f8,0x00000000c4300000)
 Metaspace       used 47417K, committed 48512K, reserved 1114112K
  class space    used 4891K, committed 5376K, reserved 1048576K
}

