# JRE version: OpenJDK Runtime Environment Temurin-17.0.13+11 (17.0.13+11) (build 17.0.13+11)
# Java VM: OpenJDK 64-Bit Server VM Temurin-17.0.13+11 (17.0.13+11, mixed mode, tiered, compressed oops, compressed class ptrs, parallel gc, windows-amd64)
GC Precious Log:
 CPUs: 16 total, 16 available
 Memory: 28356M
 Large Page Support: Disabled
 NUMA Support: Disabled
 Compressed Oops: Enabled (32-bit)
 Alignments: Space 512K, Generation 512K, Heap 2M
 Heap Min Capacity: 100M
 Heap Initial Capacity: 100M
 Heap Max Capacity: 1G
 Pre-touch: Disabled
 Parallel Workers: 13
Heap:
 PSYoungGen      total 24064K, used 3062K [0x00000000eab00000, 0x00000000ed080000, 0x0000000100000000)
  eden space 11264K, 0% used [0x00000000eab00000,0x00000000eab00000,0x00000000eb600000)
  from space 12800K, 23% used [0x00000000ec400000,0x00000000ec6fdb48,0x00000000ed080000)
  to   space 12800K, 0% used [0x00000000eb600000,0x00000000eb600000,0x00000000ec280000)
 ParOldGen       total 95232K, used 58522K [0x00000000c0000000, 0x00000000c5d00000, 0x00000000eab00000)
  object space 95232K, 61% used [0x00000000c0000000,0x00000000c3926908,0x00000000c5d00000)
 Metaspace       used 66397K, committed 67648K, reserved 1114112K
  class space    used 6771K, committed 7296K, reserved 1048576K
GC Heap History (20 events):
Event: 7.737 GC heap before
{Heap before GC invocations=151 (full 7):
 PSYoungGen      total 14336K, used 13080K [0x00000000eab00000, 0x00000000ebf80000, 0x0000000100000000)
  eden space 7168K, 100% used [0x00000000eab00000,0x00000000eb200000,0x00000000eb200000)
  from space 7168K, 82% used [0x00000000eb880000,0x00000000ebe46008,0x00000000ebf80000)
  to   space 6656K, 0% used [0x00000000eb200000,0x00000000eb200000,0x00000000eb880000)
 ParOldGen       total 172032K, used 159904K [0x00000000c0000000, 0x00000000ca800000, 0x00000000eab00000)
  object space 172032K, 92% used [0x00000000c0000000,0x00000000c9c28398,0x00000000ca800000)
 Metaspace       used 65901K, committed 67072K, reserved 1114112K
  class space    used 6737K, committed 7232K, reserved 1048576K
}
Event: 7.740 GC heap after
{Heap after GC invocations=151 (full 7):
 PSYoungGen      total 13824K, used 6648K [0x00000000eab00000, 0x00000000ec100000, 0x0000000100000000)
  eden space 7168K, 0% used [0x00000000eab00000,0x00000000eab00000,0x00000000eb200000)
  from space 6656K, 99% used [0x00000000eb200000,0x00000000eb87e008,0x00000000eb880000)
  to   space 7168K, 0% used [0x00000000eba00000,0x00000000eba00000,0x00000000ec100000)
 ParOldGen       total 172032K, used 159976K [0x00000000c0000000, 0x00000000ca800000, 0x00000000eab00000)
  object space 172032K, 92% used [0x00000000c0000000,0x00000000c9c3a398,0x00000000ca800000)
 Metaspace       used 65901K, committed 67072K, reserved 1114112K
  class space    used 6737K, committed 7232K, reserved 1048576K
}
Event: 7.765 GC heap before
{Heap before GC invocations=152 (full 7):
 PSYoungGen      total 13824K, used 13816K [0x00000000eab00000, 0x00000000ec100000, 0x0000000100000000)
  eden space 7168K, 100% used [0x00000000eab00000,0x00000000eb200000,0x00000000eb200000)
  from space 6656K, 99% used [0x00000000eb200000,0x00000000eb87e008,0x00000000eb880000)
  to   space 7168K, 0% used [0x00000000eba00000,0x00000000eba00000,0x00000000ec100000)
 ParOldGen       total 172032K, used 159976K [0x00000000c0000000, 0x00000000ca800000, 0x00000000eab00000)
  object space 172032K, 92% used [0x00000000c0000000,0x00000000c9c3a398,0x00000000ca800000)
 Metaspace       used 65944K, committed 67136K, reserved 1114112K
  class space    used 6737K, committed 7232K, reserved 1048576K
}
Event: 7.769 GC heap after
{Heap after GC invocations=152 (full 7):
 PSYoungGen      total 14848K, used 6360K [0x00000000eab00000, 0x00000000ec080000, 0x0000000100000000)
  eden space 8192K, 0% used [0x00000000eab00000,0x00000000eab00000,0x00000000eb300000)
  from space 6656K, 95% used [0x00000000eba00000,0x00000000ec036008,0x00000000ec080000)
  to   space 6656K, 0% used [0x00000000eb380000,0x00000000eb380000,0x00000000eba00000)
 ParOldGen       total 172032K, used 161264K [0x00000000c0000000, 0x00000000ca800000, 0x00000000eab00000)
  object space 172032K, 93% used [0x00000000c0000000,0x00000000c9d7c3d8,0x00000000ca800000)
 Metaspace       used 65944K, committed 67136K, reserved 1114112K
  class space    used 6737K, committed 7232K, reserved 1048576K
}
Event: 7.792 GC heap before
{Heap before GC invocations=153 (full 7):
 PSYoungGen      total 14848K, used 14544K [0x00000000eab00000, 0x00000000ec080000, 0x0000000100000000)
  eden space 8192K, 99% used [0x00000000eab00000,0x00000000eb2fe198,0x00000000eb300000)
  from space 6656K, 95% used [0x00000000eba00000,0x00000000ec036008,0x00000000ec080000)
  to   space 6656K, 0% used [0x00000000eb380000,0x00000000eb380000,0x00000000eba00000)
 ParOldGen       total 172032K, used 161264K [0x00000000c0000000, 0x00000000ca800000, 0x00000000eab00000)
  object space 172032K, 93% used [0x00000000c0000000,0x00000000c9d7c3d8,0x00000000ca800000)
 Metaspace       used 66022K, committed 67200K, reserved 1114112K
  class space    used 6744K, committed 7232K, reserved 1048576K
}
Event: 7.795 GC heap after
{Heap after GC invocations=153 (full 7):
 PSYoungGen      total 15360K, used 6648K [0x00000000eab00000, 0x00000000ec300000, 0x0000000100000000)
  eden space 8704K, 0% used [0x00000000eab00000,0x00000000eab00000,0x00000000eb380000)
  from space 6656K, 99% used [0x00000000eb380000,0x00000000eb9fe008,0x00000000eba00000)
  to   space 7680K, 0% used [0x00000000ebb80000,0x00000000ebb80000,0x00000000ec300000)
 ParOldGen       total 172032K, used 161840K [0x00000000c0000000, 0x00000000ca800000, 0x00000000eab00000)
  object space 172032K, 94% used [0x00000000c0000000,0x00000000c9e0c2e8,0x00000000ca800000)
 Metaspace       used 66022K, committed 67200K, reserved 1114112K
  class space    used 6744K, committed 7232K, reserved 1048576K
}
Event: 7.829 GC heap before
{Heap before GC invocations=154 (full 7):
 PSYoungGen      total 15360K, used 15352K [0x00000000eab00000, 0x00000000ec300000, 0x0000000100000000)
  eden space 8704K, 100% used [0x00000000eab00000,0x00000000eb380000,0x00000000eb380000)
  from space 6656K, 99% used [0x00000000eb380000,0x00000000eb9fe008,0x00000000eba00000)
  to   space 7680K, 0% used [0x00000000ebb80000,0x00000000ebb80000,0x00000000ec300000)
 ParOldGen       total 172032K, used 161840K [0x00000000c0000000, 0x00000000ca800000, 0x00000000eab00000)
  object space 172032K, 94% used [0x00000000c0000000,0x00000000c9e0c2e8,0x00000000ca800000)
 Metaspace       used 66121K, committed 67264K, reserved 1114112K
  class space    used 6752K, committed 7232K, reserved 1048576K
}
Event: 7.833 GC heap after
{Heap after GC invocations=154 (full 7):
 PSYoungGen      total 16896K, used 6800K [0x00000000eab00000, 0x00000000ec280000, 0x0000000100000000)
  eden space 9728K, 0% used [0x00000000eab00000,0x00000000eab00000,0x00000000eb480000)
  from space 7168K, 94% used [0x00000000ebb80000,0x00000000ec224008,0x00000000ec280000)
  to   space 7168K, 0% used [0x00000000eb480000,0x00000000eb480000,0x00000000ebb80000)
 ParOldGen       total 172032K, used 163208K [0x00000000c0000000, 0x00000000ca800000, 0x00000000eab00000)
  object space 172032K, 94% used [0x00000000c0000000,0x00000000c9f62308,0x00000000ca800000)
 Metaspace       used 66121K, committed 67264K, reserved 1114112K
  class space    used 6752K, committed 7232K, reserved 1048576K
}
Event: 7.859 GC heap before
{Heap before GC invocations=155 (full 7):
 PSYoungGen      total 16896K, used 16528K [0x00000000eab00000, 0x00000000ec280000, 0x0000000100000000)
  eden space 9728K, 100% used [0x00000000eab00000,0x00000000eb480000,0x00000000eb480000)
  from space 7168K, 94% used [0x00000000ebb80000,0x00000000ec224008,0x00000000ec280000)
  to   space 7168K, 0% used [0x00000000eb480000,0x00000000eb480000,0x00000000ebb80000)
 ParOldGen       total 172032K, used 163208K [0x00000000c0000000, 0x00000000ca800000, 0x00000000eab00000)
  object space 172032K, 94% used [0x00000000c0000000,0x00000000c9f62308,0x00000000ca800000)
 Metaspace       used 66163K, committed 67392K, reserved 1114112K
  class space    used 6759K, committed 7296K, reserved 1048576K
}
Event: 7.862 GC heap after
{Heap after GC invocations=155 (full 7):
 PSYoungGen      total 16896K, used 7152K [0x00000000eab00000, 0x00000000ec580000, 0x0000000100000000)
  eden space 9728K, 0% used [0x00000000eab00000,0x00000000eab00000,0x00000000eb480000)
  from space 7168K, 99% used [0x00000000eb480000,0x00000000ebb7c008,0x00000000ebb80000)
  to   space 8192K, 0% used [0x00000000ebd80000,0x00000000ebd80000,0x00000000ec580000)
 ParOldGen       total 172032K, used 163785K [0x00000000c0000000, 0x00000000ca800000, 0x00000000eab00000)
  object space 172032K, 95% used [0x00000000c0000000,0x00000000c9ff2750,0x00000000ca800000)
 Metaspace       used 66163K, committed 67392K, reserved 1114112K
  class space    used 6759K, committed 7296K, reserved 1048576K
}
Event: 7.893 GC heap before
{Heap before GC invocations=156 (full 7):
 PSYoungGen      total 16896K, used 16880K [0x00000000eab00000, 0x00000000ec580000, 0x0000000100000000)
  eden space 9728K, 100% used [0x00000000eab00000,0x00000000eb480000,0x00000000eb480000)
  from space 7168K, 99% used [0x00000000eb480000,0x00000000ebb7c008,0x00000000ebb80000)
  to   space 8192K, 0% used [0x00000000ebd80000,0x00000000ebd80000,0x00000000ec580000)
 ParOldGen       total 172032K, used 163785K [0x00000000c0000000, 0x00000000ca800000, 0x00000000eab00000)
  object space 172032K, 95% used [0x00000000c0000000,0x00000000c9ff2750,0x00000000ca800000)
 Metaspace       used 66207K, committed 67392K, reserved 1114112K
  class space    used 6762K, committed 7296K, reserved 1048576K
}
Event: 7.896 GC heap after
{Heap after GC invocations=156 (full 7):
 PSYoungGen      total 18432K, used 7312K [0x00000000eab00000, 0x00000000ec500000, 0x0000000100000000)
  eden space 10752K, 0% used [0x00000000eab00000,0x00000000eab00000,0x00000000eb580000)
  from space 7680K, 95% used [0x00000000ebd80000,0x00000000ec4a4008,0x00000000ec500000)
  to   space 7680K, 0% used [0x00000000eb600000,0x00000000eb600000,0x00000000ebd80000)
 ParOldGen       total 172032K, used 165225K [0x00000000c0000000, 0x00000000ca800000, 0x00000000eab00000)
  object space 172032K, 96% used [0x00000000c0000000,0x00000000ca15a770,0x00000000ca800000)
 Metaspace       used 66207K, committed 67392K, reserved 1114112K
  class space    used 6762K, committed 7296K, reserved 1048576K
}
Event: 7.923 GC heap before
{Heap before GC invocations=157 (full 7):
 PSYoungGen      total 18432K, used 18038K [0x00000000eab00000, 0x00000000ec500000, 0x0000000100000000)
  eden space 10752K, 99% used [0x00000000eab00000,0x00000000eb579978,0x00000000eb580000)
  from space 7680K, 95% used [0x00000000ebd80000,0x00000000ec4a4008,0x00000000ec500000)
  to   space 7680K, 0% used [0x00000000eb600000,0x00000000eb600000,0x00000000ebd80000)
 ParOldGen       total 172032K, used 165225K [0x00000000c0000000, 0x00000000ca800000, 0x00000000eab00000)
  object space 172032K, 96% used [0x00000000c0000000,0x00000000ca15a770,0x00000000ca800000)
 Metaspace       used 66328K, committed 67584K, reserved 1114112K
  class space    used 6770K, committed 7296K, reserved 1048576K
}
Event: 7.926 GC heap after
{Heap after GC invocations=157 (full 7):
 PSYoungGen      total 18944K, used 7656K [0x00000000eab00000, 0x00000000ec800000, 0x0000000100000000)
  eden space 11264K, 0% used [0x00000000eab00000,0x00000000eab00000,0x00000000eb600000)
  from space 7680K, 99% used [0x00000000eb600000,0x00000000ebd7a3d0,0x00000000ebd80000)
  to   space 8704K, 0% used [0x00000000ebf80000,0x00000000ebf80000,0x00000000ec800000)
 ParOldGen       total 172032K, used 165945K [0x00000000c0000000, 0x00000000ca800000, 0x00000000eab00000)
  object space 172032K, 96% used [0x00000000c0000000,0x00000000ca20e780,0x00000000ca800000)
 Metaspace       used 66328K, committed 67584K, reserved 1114112K
  class space    used 6770K, committed 7296K, reserved 1048576K
}
Event: 7.952 GC heap before
{Heap before GC invocations=158 (full 7):
 PSYoungGen      total 18944K, used 18920K [0x00000000eab00000, 0x00000000ec800000, 0x0000000100000000)
  eden space 11264K, 99% used [0x00000000eab00000,0x00000000eb5fffe8,0x00000000eb600000)
  from space 7680K, 99% used [0x00000000eb600000,0x00000000ebd7a3d0,0x00000000ebd80000)
  to   space 8704K, 0% used [0x00000000ebf80000,0x00000000ebf80000,0x00000000ec800000)
 ParOldGen       total 172032K, used 165945K [0x00000000c0000000, 0x00000000ca800000, 0x00000000eab00000)
  object space 172032K, 96% used [0x00000000c0000000,0x00000000ca20e780,0x00000000ca800000)
 Metaspace       used 66373K, committed 67648K, reserved 1114112K
  class space    used 6771K, committed 7296K, reserved 1048576K
}
Event: 7.956 GC heap after
{Heap after GC invocations=158 (full 7):
 PSYoungGen      total 20992K, used 7935K [0x00000000eab00000, 0x00000000ec780000, 0x0000000100000000)
  eden space 12800K, 0% used [0x00000000eab00000,0x00000000eab00000,0x00000000eb780000)
  from space 8192K, 96% used [0x00000000ebf80000,0x00000000ec73fdc8,0x00000000ec780000)
  to   space 8192K, 0% used [0x00000000eb780000,0x00000000eb780000,0x00000000ebf80000)
 ParOldGen       total 172032K, used 167337K [0x00000000c0000000, 0x00000000ca800000, 0x00000000eab00000)
  object space 172032K, 97% used [0x00000000c0000000,0x00000000ca36a780,0x00000000ca800000)
 Metaspace       used 66373K, committed 67648K, reserved 1114112K
  class space    used 6771K, committed 7296K, reserved 1048576K
}
Event: 7.993 GC heap before
{Heap before GC invocations=159 (full 7):
 PSYoungGen      total 20992K, used 20735K [0x00000000eab00000, 0x00000000ec780000, 0x0000000100000000)
  eden space 12800K, 100% used [0x00000000eab00000,0x00000000eb780000,0x00000000eb780000)
  from space 8192K, 96% used [0x00000000ebf80000,0x00000000ec73fdc8,0x00000000ec780000)
  to   space 8192K, 0% used [0x00000000eb780000,0x00000000eb780000,0x00000000ebf80000)
 ParOldGen       total 172032K, used 167337K [0x00000000c0000000, 0x00000000ca800000, 0x00000000eab00000)
  object space 172032K, 97% used [0x00000000c0000000,0x00000000ca36a780,0x00000000ca800000)
 Metaspace       used 66375K, committed 67648K, reserved 1114112K
  class space    used 6771K, committed 7296K, reserved 1048576K
}
Event: 7.996 GC heap after
{Heap after GC invocations=159 (full 7):
 PSYoungGen      total 20992K, used 8171K [0x00000000eab00000, 0x00000000ecc00000, 0x0000000100000000)
  eden space 12800K, 0% used [0x00000000eab00000,0x00000000eab00000,0x00000000eb780000)
  from space 8192K, 99% used [0x00000000eb780000,0x00000000ebf7ac10,0x00000000ebf80000)
  to   space 9728K, 0% used [0x00000000ec280000,0x00000000ec280000,0x00000000ecc00000)
 ParOldGen       total 172032K, used 168521K [0x00000000c0000000, 0x00000000ca800000, 0x00000000eab00000)
  object space 172032K, 97% used [0x00000000c0000000,0x00000000ca492780,0x00000000ca800000)
 Metaspace       used 66375K, committed 67648K, reserved 1114112K
  class space    used 6771K, committed 7296K, reserved 1048576K
}
Event: 8.025 GC heap before
{Heap before GC invocations=160 (full 7):
 PSYoungGen      total 20992K, used 20971K [0x00000000eab00000, 0x00000000ecc00000, 0x0000000100000000)
  eden space 12800K, 100% used [0x00000000eab00000,0x00000000eb780000,0x00000000eb780000)
  from space 8192K, 99% used [0x00000000eb780000,0x00000000ebf7ac10,0x00000000ebf80000)
  to   space 9728K, 0% used [0x00000000ec280000,0x00000000ec280000,0x00000000ecc00000)
 ParOldGen       total 172032K, used 168521K [0x00000000c0000000, 0x00000000ca800000, 0x00000000eab00000)
  object space 172032K, 97% used [0x00000000c0000000,0x00000000ca492780,0x00000000ca800000)
 Metaspace       used 66390K, committed 67648K, reserved 1114112K
  class space    used 6771K, committed 7296K, reserved 1048576K
}
Event: 8.031 GC heap after
{Heap after GC invocations=160 (full 7):
 PSYoungGen      total 20992K, used 9710K [0x00000000eab00000, 0x00000000ed200000, 0x0000000100000000)
  eden space 11264K, 0% used [0x00000000eab00000,0x00000000eab00000,0x00000000eb600000)
  from space 9728K, 99% used [0x00000000ec280000,0x00000000ecbfbab0,0x00000000ecc00000)
  to   space 12800K, 0% used [0x00000000eb600000,0x00000000eb600000,0x00000000ec280000)
 ParOldGen       total 172032K, used 170934K [0x00000000c0000000, 0x00000000ca800000, 0x00000000eab00000)
  object space 172032K, 99% used [0x00000000c0000000,0x00000000ca6ed9b0,0x00000000ca800000)
 Metaspace       used 66390K, committed 67648K, reserved 1114112K
  class space    used 6771K, committed 7296K, reserved 1048576K
}

